2022-09-12 14:55:50,065 - INFO - views - views.py - Пользователь запросил кабинет "У 215" 
2022-09-12 14:56:11,613 - INFO - views - views.py - Пользователь запросил кабинет "ААААА" 
2022-09-12 14:56:30,331 - INFO - views - views.py - Пользователь запросил кабинет "У 456" 
2022-09-12 14:57:12,515 - INFO - views - views.py - Пользователь запросил кабинет "" 
2022-09-12 14:57:14,853 - INFO - views - views.py - Пользователь запросил кабинет " " 
2022-09-12 14:57:16,901 - INFO - views - views.py - Пользователь запросил кабинет "0" 
2022-09-12 14:57:18,651 - INFO - views - views.py - Пользователь запросил кабинет "1" 
2022-09-12 14:57:21,592 - INFO - views - views.py - Пользователь запросил кабинет "2" 
2022-09-12 14:57:22,715 - INFO - views - views.py - Пользователь запросил кабинет " 2" 
2022-09-12 14:57:24,305 - INFO - views - views.py - Пользователь запросил кабинет "  2" 
2022-09-12 14:57:29,284 - INFO - views - views.py - Пользователь запросил кабинет "Q 2" 
2022-09-12 14:57:32,373 - INFO - views - views.py - Пользователь запросил кабинет "Х 2" 
2022-09-12 14:57:36,678 - INFO - views - views.py - Пользователь запросил кабинет "' 2" 
2022-09-12 14:57:42,706 - INFO - views - views.py - Пользователь запросил кабинет "У 211" 
2022-09-12 14:57:46,021 - INFO - views - views.py - Пользователь запросил кабинет "У 200" 
2022-09-12 15:07:37,067 - INFO - views - views.py - Пользователь запросил кабинет "У 2" 
2022-09-12 15:07:38,934 - INFO - views - views.py - Пользователь запросил кабинет "У 21" 
2022-09-12 15:07:40,766 - INFO - views - views.py - Пользователь запросил кабинет "У 22" 
2022-09-12 15:25:59,844 - INFO - views - views.py - Пользователь запросил кабинет "У 2" 
2022-09-12 15:26:15,290 - INFO - views - views.py - Пользователь запросил кабинет "У 2" 
2022-09-12 15:26:21,096 - INFO - views - views.py - Пользователь запросил кабинет "У 215" 
2022-09-12 15:28:25,537 - INFO - views - views.py - Пользователь запросил кабинет "E 2" 
2022-09-12 15:28:27,424 - INFO - views - views.py - Пользователь запросил кабинет "У 2" 
2022-09-12 15:35:39,629 - INFO - views - views.py - Пользователь запросил кабинет "E" 
2022-09-12 15:36:06,224 - INFO - views - views.py - Пользователь запросил кабинет "E" 
2022-09-12 15:36:07,320 - INFO - views - views.py - Пользователь запросил кабинет "E" 
2022-09-12 15:36:08,416 - INFO - views - views.py - Пользователь запросил кабинет "E" 
2022-09-12 15:36:48,439 - INFO - views - views.py - Пользователь запросил кабинет "E" 
2022-09-12 15:36:52,089 - INFO - views - views.py - Пользователь запросил кабинет "E" 
2022-09-12 15:36:58,391 - INFO - views - views.py - Пользователь запросил кабинет "E" 
2022-09-12 15:37:18,876 - INFO - views - views.py - Пользователь запросил кабинет "E" 
2022-09-12 15:37:32,512 - INFO - views - views.py - Пользователь запросил кабинет "E" 
2022-09-12 15:37:33,834 - INFO - views - views.py - Пользователь запросил кабинет "E" 
2022-09-12 15:37:35,343 - INFO - views - views.py - Пользователь запросил кабинет "У 2" 
2022-09-12 15:37:39,952 - INFO - views - views.py - Пользователь запросил кабинет "У 2" 
2022-09-12 15:37:42,589 - INFO - views - views.py - Пользователь запросил кабинет "Е" 
2022-09-12 15:37:53,092 - INFO - views - views.py - Пользователь запросил кабинет "" 
2022-09-12 15:37:54,448 - INFO - views - views.py - Пользователь запросил кабинет "" 
2022-09-12 15:37:56,824 - INFO - views - views.py - Пользователь запросил кабинет "E 2" 
2022-09-12 15:38:00,551 - INFO - views - views.py - Пользователь запросил кабинет "К 2" 
2022-09-12 15:38:42,248 - INFO - views - views.py - Пользователь запросил кабинет "К 2" 
2022-09-12 15:38:43,611 - INFO - views - views.py - Пользователь запросил кабинет "W" 
2022-09-12 15:38:45,435 - INFO - views - views.py - Пользователь запросил кабинет "W" 
2022-09-12 15:38:52,409 - INFO - views - views.py - Пользователь запросил кабинет "W" 
2022-09-12 15:38:56,433 - INFO - views - views.py - Пользователь запросил кабинет "W" 
2022-09-12 15:39:01,617 - INFO - views - views.py - Пользователь запросил кабинет "У 2" 
2022-09-12 15:39:28,568 - INFO - views - views.py - Пользователь запросил кабинет "У 2" 
2022-09-12 15:39:29,768 - INFO - views - views.py - Пользователь запросил кабинет "У 2" 
2022-09-12 15:39:36,189 - INFO - views - views.py - Пользователь запросил кабинет "У 2" 
2022-09-12 15:39:43,079 - INFO - views - views.py - Пользователь запросил кабинет "У 2" 
2022-09-12 15:39:44,111 - INFO - views - views.py - Пользователь запросил кабинет "У 2" 
2022-09-12 15:39:49,207 - INFO - views - views.py - Пользователь запросил кабинет "У 2" 
2022-09-12 15:39:56,541 - INFO - views - views.py - Пользователь запросил кабинет "У 2" 
2022-09-12 15:39:57,711 - INFO - views - views.py - Пользователь запросил кабинет "У 2" 
2022-09-12 15:39:59,042 - INFO - views - views.py - Пользователь запросил кабинет "У 2" 
2022-09-12 15:40:05,836 - INFO - views - views.py - Пользователь запросил кабинет "У 2" 
2022-09-12 15:40:07,351 - INFO - views - views.py - Пользователь запросил кабинет "У 2" 
2022-09-12 16:16:59,664 - INFO - views - views.py - Пользователь запросил кабинет "У 2" 
2022-09-14 06:46:31,303 - INFO - views - views.py - Пользователь запросил кабинет "У 2" 
2022-09-14 06:46:36,490 - INFO - views - views.py - Пользователь запросил кабинет "У 222" 
2022-09-14 06:50:00,026 - INFO - tasks - tasks.py - Начало обновления бд
2022-09-14 06:52:00,034 - INFO - tasks - tasks.py - Начало обновления бд
2022-09-14 06:53:10,282 - INFO - tasks - tasks.py - Обновление успешно завершено
2022-09-14 08:15:26,155 - INFO - views - views.py - Пользователь запросил кабинет "У 2" 
2022-09-14 08:15:32,193 - INFO - views - views.py - Пользователь запросил кабинет "Ы" 
